I START HERE THIS TIME.
hey: .1.3.6.1.6.3.1.1.4.1.0 .1.3.6.1.4.1.41717.10.0.247
fqdn: "bubbly.bth.se"

status: 1

Opened database succesfully
Table created succesfully 

No of Danger entries:0
In the program status= 1
, fqdn = "bubbly.bth.se"
, ref(fqdn)= ref("bubbly.bth.se"
)

getid=Now checking for FAIL
Now checking for Danger
No of Danger entries:0
I START HERE THIS TIME.
hey: .1.3.6.1.6.3.1.1.4.1.0 .1.3.6.1.4.1.41717.10.0.247
fqdn: "trouble.bth.se"

status: 1

Opened database succesfully
Table created succesfully 

No of Danger entries:0
In the program status= 1
, fqdn = "trouble.bth.se"
, ref(fqdn)= ref("trouble.bth.se"
)

getid=Now checking for FAIL
Now checking for Danger
No of Danger entries:0
I START HERE THIS TIME.
hey: .1.3.6.1.6.3.1.1.4.1.0 .1.3.6.1.4.1.41717.10.0.247
fqdn: "bubbly.bth.se"

status: 1

Opened database succesfully
Table created succesfully 

No of Danger entries:0
In the program status= 1
, fqdn = "bubbly.bth.se"
, ref(fqdn)= ref("bubbly.bth.se"
)

getid=Now checking for FAIL
Now checking for Danger
No of Danger entries:0
I START HERE THIS TIME.
hey: .1.3.6.1.6.3.1.1.4.1.0 .1.3.6.1.4.1.41717.10.0.247
fqdn: "trouble.bth.se"

status: 1

Opened database succesfully
Table created succesfully 

No of Danger entries:0
In the program status= 1
, fqdn = "trouble.bth.se"
, ref(fqdn)= ref("trouble.bth.se"
)

getid=Now checking for FAIL
Now checking for Danger
No of Danger entries:0
I START HERE THIS TIME.
hey: .1.3.6.1.6.3.1.1.4.1.0 .1.3.6.1.4.1.41717.10.0.247
fqdn: "www.bth.se"

status: 3

Opened database succesfully
Table created succesfully 

No of Danger entries:0
In the program status= 3
, fqdn = "www.bth.se"
, ref(fqdn)= ref("www.bth.se"
)

getid=Now checking for FAIL
192.168.184.1
161
"www.bth.se"

Now checking for Danger
No of Danger entries:0
I START HERE THIS TIME.
hey: .1.3.6.1.6.3.1.1.4.1.0 .1.3.6.1.4.1.41717.10.0.247
fqdn: "bubbly.bth.se"

status: 1

Opened database succesfully
Table created succesfully 

No of Danger entries:0
In the program status= 1
, fqdn = "bubbly.bth.se"
, ref(fqdn)= ref("bubbly.bth.se"
)

getid=Now checking for FAIL
Now checking for Danger
No of Danger entries:0
I START HERE THIS TIME.
hey: .1.3.6.1.6.3.1.1.4.1.0 .1.3.6.1.4.1.41717.10.0.247
fqdn: "trouble.bth.se"

status: 1

Opened database succesfully
Table created succesfully 

No of Danger entries:0
In the program status= 1
, fqdn = "trouble.bth.se"
, ref(fqdn)= ref("trouble.bth.se"
)

getid=Now checking for FAIL
Now checking for Danger
No of Danger entries:0
I START HERE THIS TIME.
hey: .1.3.6.1.6.3.1.1.4.1.0 .1.3.6.1.4.1.41717.10.0.247
fqdn: "www.bth.se"

status: 3

Opened database succesfully
Table created succesfully 

No of Danger entries:0
In the program status= 3
, fqdn = "www.bth.se"
, ref(fqdn)= ref("www.bth.se"
)

getid=Now checking for FAIL
192.168.184.1
161
"www.bth.se"

Now checking for Danger
No of Danger entries:0
I START HERE THIS TIME.
hey: .1.3.6.1.6.3.1.1.4.1.0 .1.3.6.1.4.1.41717.10.0.247
fqdn: "www.bth.se"

status: 0

Opened database succesfully
Table created succesfully 

No of Danger entries:0
In the program status= 0
, fqdn = "www.bth.se"
, ref(fqdn)= ref("www.bth.se"
)

3
getid=3hey:1519991681
hey:3
Now checking for FAIL
Now checking for Danger
No of Danger entries:0
I START HERE THIS TIME.
hey: .1.3.6.1.6.3.1.1.4.1.0 .1.3.6.1.4.1.41717.10.0.247
fqdn: "bubbly.bth.se"

status: 2

Opened database succesfully
Table created succesfully 

No of Danger entries:0
In the program status= 2
, fqdn = "bubbly.bth.se"
, ref(fqdn)= ref("bubbly.bth.se"
)

1
getid=1hey:1519991678
hey:1
Now checking for FAIL
Now checking for Danger
No of Danger entries:1
I START HERE THIS TIME.
hey: .1.3.6.1.6.3.1.1.4.1.0 .1.3.6.1.4.1.41717.10.0.247
fqdn: "trouble.bth.se"

status: 2

Opened database succesfully
Table created succesfully 

No of Danger entries:1
In the program status= 2
, fqdn = "trouble.bth.se"
, ref(fqdn)= ref("trouble.bth.se"
)

2
getid=2hey:1519991679
hey:1
Now checking for FAIL
Now checking for Danger
No of Danger entries:2
1519991696 1 1519991678
This is the array: 1519991696
1519991698 1 1519991679
This is the array: 1519991696
This is the array outside the loop: 1519991698
I START HERE THIS TIME.
hey: .1.3.6.1.6.3.1.1.4.1.0 .1.3.6.1.4.1.41717.10.0.247
fqdn: "bubbly.bth.se"

status: 1

Opened database succesfully
Table created succesfully 

No of Danger entries:0
In the program status= 1
, fqdn = "bubbly.bth.se"
, ref(fqdn)= ref("bubbly.bth.se"
)

getid=Now checking for FAIL
Now checking for Danger
No of Danger entries:0
I START HERE THIS TIME.
hey: .1.3.6.1.6.3.1.1.4.1.0 .1.3.6.1.4.1.41717.10.0.247
fqdn: "trouble.bth.se"

status: 1

Opened database succesfully
Table created succesfully 

No of Danger entries:0
In the program status= 1
, fqdn = "trouble.bth.se"
, ref(fqdn)= ref("trouble.bth.se"
)

getid=Now checking for FAIL
Now checking for Danger
No of Danger entries:0
I START HERE THIS TIME.
hey: .1.3.6.1.6.3.1.1.4.1.0 .1.3.6.1.4.1.41717.10.0.247
fqdn: "www.bth.se"

status: 3

Opened database succesfully
Table created succesfully 

No of Danger entries:0
In the program status= 3
, fqdn = "www.bth.se"
, ref(fqdn)= ref("www.bth.se"
)

getid=Now checking for FAIL
192.168.184.1
161
"www.bth.se"

Now checking for Danger
No of Danger entries:0
I START HERE THIS TIME.
hey: .1.3.6.1.6.3.1.1.4.1.0 .1.3.6.1.4.1.41717.10.0.247
fqdn: "www.bth.se"

status: 0

Opened database succesfully
Table created succesfully 

No of Danger entries:0
In the program status= 0
, fqdn = "www.bth.se"
, ref(fqdn)= ref("www.bth.se"
)

3
getid=3hey:1519992024
hey:3
Now checking for FAIL
Now checking for Danger
No of Danger entries:0
I START HERE THIS TIME.
hey: .1.3.6.1.6.3.1.1.4.1.0 .1.3.6.1.4.1.41717.10.0.247
fqdn: "bubbly.bth.se"

status: 2

Opened database succesfully
Table created succesfully 

No of Danger entries:0
In the program status= 2
, fqdn = "bubbly.bth.se"
, ref(fqdn)= ref("bubbly.bth.se"
)

1
getid=1hey:1519992021
hey:1
Now checking for FAIL
Now checking for Danger
No of Danger entries:1
I START HERE THIS TIME.
hey: .1.3.6.1.6.3.1.1.4.1.0 .1.3.6.1.4.1.41717.10.0.247
fqdn: "trouble.bth.se"

status: 2

Opened database succesfully
Table created succesfully 

No of Danger entries:1
In the program status= 2
, fqdn = "trouble.bth.se"
, ref(fqdn)= ref("trouble.bth.se"
)

2
getid=2hey:1519992022
hey:1
Now checking for FAIL
Now checking for Danger
No of Danger entries:2
1519992039 1 1519992021
This is the array: 1519992039
1519992041 1 1519992022
This is the array: 1519992039
This is the array outside the loop: 1519992041
I START HERE THIS TIME.
hey: .1.3.6.1.6.3.1.1.4.1.0 .1.3.6.1.4.1.41717.10.0.247
fqdn: "www.bth.se"

status: 2

Opened database succesfully
Table created succesfully 

No of Danger entries:2
In the program status= 2
, fqdn = "www.bth.se"
, ref(fqdn)= ref("www.bth.se"
)

3
getid=3hey:1519992027
hey:0
Now checking for FAIL
Now checking for Danger
No of Danger entries:3
1519992039 1 1519992021
This is the array: 1519992039
1519992041 1 1519992022
This is the array: 1519992039
1519992044 0 1519992027
This is the array: 1519992039
This is the array outside the loop: 1519992041
I START HERE THIS TIME.
hey: .1.3.6.1.6.3.1.1.4.1.0 .1.3.6.1.4.1.41717.10.0.247
fqdn: "bubbly.bth.se"

status: 1

Opened database succesfully
Table created succesfully 

No of Danger entries:0
In the program status= 1
, fqdn = "bubbly.bth.se"
, ref(fqdn)= ref("bubbly.bth.se"
)

getid=Now checking for FAIL
Now checking for Danger
No of Danger entries:0
I START HERE THIS TIME.
hey: .1.3.6.1.6.3.1.1.4.1.0 .1.3.6.1.4.1.41717.10.0.247
fqdn: "trouble.bth.se"

status: 1

Opened database succesfully
Table created succesfully 

No of Danger entries:0
In the program status= 1
, fqdn = "trouble.bth.se"
, ref(fqdn)= ref("trouble.bth.se"
)

getid=Now checking for FAIL
Now checking for Danger
No of Danger entries:0
I START HERE THIS TIME.
hey: .1.3.6.1.6.3.1.1.4.1.0 .1.3.6.1.4.1.41717.10.0.247
fqdn: "www.bth.se"

status: 3

Opened database succesfully
Table created succesfully 

No of Danger entries:0
In the program status= 3
, fqdn = "www.bth.se"
, ref(fqdn)= ref("www.bth.se"
)

getid=Now checking for FAIL
192.168.184.1
161
"www.bth.se"

Now checking for Danger
No of Danger entries:0
I START HERE THIS TIME.
hey: .1.3.6.1.6.3.1.1.4.1.0 .1.3.6.1.4.1.41717.10.0.247
fqdn: "www.bth.se"

status: 0

Opened database succesfully
Table created succesfully 

No of Danger entries:0
In the program status= 0
, fqdn = "www.bth.se"
, ref(fqdn)= ref("www.bth.se"
)

3
getid=3hey:1519993245
hey:3
Now checking for FAIL
Now checking for Danger
No of Danger entries:0
I START HERE THIS TIME.
hey: .1.3.6.1.6.3.1.1.4.1.0 .1.3.6.1.4.1.41717.10.0.247
fqdn: "bubbly.bth.se"

status: 2

Opened database succesfully
Table created succesfully 

No of Danger entries:0
In the program status= 2
, fqdn = "bubbly.bth.se"
, ref(fqdn)= ref("bubbly.bth.se"
)

1
getid=1hey:1519993242
hey:1
Now checking for FAIL
Now checking for Danger
No of Danger entries:1
I START HERE THIS TIME.
hey: .1.3.6.1.6.3.1.1.4.1.0 .1.3.6.1.4.1.41717.10.0.247
fqdn: "trouble.bth.se"

status: 2

Opened database succesfully
Table created succesfully 

No of Danger entries:1
In the program status= 2
, fqdn = "trouble.bth.se"
, ref(fqdn)= ref("trouble.bth.se"
)

2
getid=2hey:1519993243
hey:1
Now checking for FAIL
Now checking for Danger
No of Danger entries:2
1519993260 1 1519993242
This is the array: 1519993260
1519993262 1 1519993243
This is the array: 1519993260
This is the array outside the loop: 1519993262
I START HERE THIS TIME.
hey: .1.3.6.1.6.3.1.1.4.1.0 .1.3.6.1.4.1.41717.10.0.247
fqdn: "www.bth.se"

status: 2

Opened database succesfully
Table created succesfully 

No of Danger entries:2
In the program status= 2
, fqdn = "www.bth.se"
, ref(fqdn)= ref("www.bth.se"
)

3
getid=3hey:1519993248
hey:0
Now checking for FAIL
Now checking for Danger
No of Danger entries:3
1519993260 1 1519993242
This is the array: 1519993260
1519993262 1 1519993243
This is the array: 1519993260
1519993265 0 1519993248
This is the array: 1519993260
This is the array outside the loop: 1519993262
I START HERE THIS TIME.
hey: .1.3.6.1.6.3.1.1.4.1.0 .1.3.6.1.4.1.41717.10.0.247
fqdn: "jupiter.bth.se"

status: 3

Opened database succesfully
Table created succesfully 

No of Danger entries:3
In the program status= 3
, fqdn = "jupiter.bth.se"
, ref(fqdn)= ref("jupiter.bth.se"
)

getid=Now checking for FAIL
192.168.184.1
161
"jupiter.bth.se"

Now checking for Danger
No of Danger entries:3
I START HERE THIS TIME.
fqdn: "bubbly.bth.se"
status: 1
Opened database succesfully
Table created succesfully 

No of Danger entries:0
getid=Now checking for FAIL
Now checking for Danger
No of Danger entries:0
I START HERE THIS TIME.
fqdn: "trouble.bth.se"
status: 1
Opened database succesfully
Table created succesfully 

No of Danger entries:0
getid=Now checking for FAIL
Now checking for Danger
No of Danger entries:0
I START HERE THIS TIME.
fqdn: "www.bth.se"
status: 3
Opened database succesfully
Table created succesfully 

No of Danger entries:0
getid=Now checking for FAIL
192.168.184.1
161
"www.bth.se"
Now checking for Danger
No of Danger entries:0
I START HERE THIS TIME.
fqdn: "www.bth.se"
status: 0
Opened database succesfully
Table created succesfully 

No of Danger entries:0
3
getid=3hey:1520327485
hey:3
Now checking for FAIL
Now checking for Danger
No of Danger entries:0
I START HERE THIS TIME.
fqdn: "bubbly.bth.se"
status: 2
Opened database succesfully
Table created succesfully 

No of Danger entries:0
1
getid=1hey:1520327482
hey:1
Now checking for FAIL
Now checking for Danger
No of Danger entries:1
I START HERE THIS TIME.
fqdn: "trouble.bth.se"
status: 2
Opened database succesfully
Table created succesfully 

No of Danger entries:1
2
getid=2hey:1520327483
hey:1
Now checking for FAIL
Now checking for Danger
No of Danger entries:2
1520327501 1 1520327482
This is the array: 1520327501
1520327503 1 1520327483
This is the array: 1520327501
This is the array outside the loop: 1520327503
I START HERE THIS TIME.
fqdn: "www.bth.se"
status: 2
Opened database succesfully
Table created succesfully 

No of Danger entries:2
3
getid=3hey:1520327488
hey:0
Now checking for FAIL
Now checking for Danger
No of Danger entries:3
1520327501 1 1520327482
This is the array: 1520327501
1520327503 1 1520327483
This is the array: 1520327501
1520327506 0 1520327488
This is the array: 1520327501
This is the array outside the loop: 1520327503
I START HERE THIS TIME.
fqdn: "jupiter.bth.se"
status: 3
Opened database succesfully
Table created succesfully 

No of Danger entries:3
getid=Now checking for FAIL
192.168.184.1
161
"jupiter.bth.se"
Now checking for Danger
No of Danger entries:3
I START HERE THIS TIME.
fqdn: "bubbly.bth.se"
status: 1
Opened database succesfully
Table created succesfully 

No of Danger entries:0
getid=Now checking for FAIL
Now checking for Danger
No of Danger entries:0
I START HERE THIS TIME.
fqdn: "trouble.bth.se"
status: 1
Opened database succesfully
Table created succesfully 

No of Danger entries:0
getid=Now checking for FAIL
Now checking for Danger
No of Danger entries:0
I START HERE THIS TIME.
fqdn: "www.bth.se"
status: 3
Opened database succesfully
Table created succesfully 

No of Danger entries:0
getid=Now checking for FAIL
192.168.184.1
161
"www.bth.se"
Now checking for Danger
No of Danger entries:0
I START HERE THIS TIME.
fqdn: "www.bth.se"
status: 0
Opened database succesfully
Table created succesfully 

No of Danger entries:0
3
getid=3hey:1520329421
hey:3
Now checking for FAIL
Now checking for Danger
No of Danger entries:0
I START HERE THIS TIME.
fqdn: "bubbly.bth.se"
status: 2
Opened database succesfully
Table created succesfully 

No of Danger entries:0
1
getid=1hey:1520329418
hey:1
Now checking for FAIL
Now checking for Danger
No of Danger entries:1
I START HERE THIS TIME.
fqdn: "trouble.bth.se"
status: 2
Opened database succesfully
Table created succesfully 

No of Danger entries:1
2
getid=2hey:1520329419
hey:1
Now checking for FAIL
Now checking for Danger
No of Danger entries:2
1520329436 1 1520329418
This is the array: 1520329436
1520329438 1 1520329419
This is the array: 1520329436
This is the array outside the loop: 1520329438
I START HERE THIS TIME.
fqdn: "www.bth.se"
status: 2
Opened database succesfully
Table created succesfully 

No of Danger entries:2
3
getid=3hey:1520329424
hey:0
Now checking for FAIL
Now checking for Danger
No of Danger entries:3
1520329436 1 1520329418
This is the array: 1520329436
1520329438 1 1520329419
This is the array: 1520329436
1520329441 0 1520329424
This is the array: 1520329436
This is the array outside the loop: 1520329438
I START HERE THIS TIME.
fqdn: "jupiter.bth.se"
status: 3
Opened database succesfully
Table created succesfully 

No of Danger entries:3
getid=Now checking for FAIL
192.168.184.1
161
"jupiter.bth.se"
Now checking for Danger
No of Danger entries:3
I START HERE THIS TIME.
fqdn: "bubbly.bth.se"
status: 1
Opened database succesfully
Table created succesfully 

No of Danger entries:0
getid=Now checking for FAIL
Now checking for Danger
No of Danger entries:0
I START HERE THIS TIME.
fqdn: "trouble.bth.se"
status: 1
Opened database succesfully
Table created succesfully 

No of Danger entries:0
getid=Now checking for FAIL
Now checking for Danger
No of Danger entries:0
I START HERE THIS TIME.
fqdn: "www.bth.se"
status: 3
Opened database succesfully
Table created succesfully 

No of Danger entries:0
getid=Now checking for FAIL
192.168.184.1
161
"www.bth.se"
Now checking for Danger
No of Danger entries:0
I START HERE THIS TIME.
fqdn: "www.bth.se"
status: 0
Opened database succesfully
Table created succesfully 

No of Danger entries:0
3
getid=3hey:1520330270
hey:3
Now checking for FAIL
Now checking for Danger
No of Danger entries:0
I START HERE THIS TIME.
fqdn: "bubbly.bth.se"
status: 2
Opened database succesfully
Table created succesfully 

No of Danger entries:0
1
getid=1hey:1520330267
hey:1
Now checking for FAIL
Now checking for Danger
No of Danger entries:1
I START HERE THIS TIME.
fqdn: "trouble.bth.se"
status: 2
Opened database succesfully
Table created succesfully 

No of Danger entries:1
2
getid=2hey:1520330268
hey:1
Now checking for FAIL
Now checking for Danger
No of Danger entries:2
1520330285 1 1520330267
This is the array: 1520330285
1520330287 1 1520330268
This is the array: 1520330285
This is the array outside the loop: 1520330287
I START HERE THIS TIME.
fqdn: "www.bth.se"
status: 2
Opened database succesfully
Table created succesfully 

No of Danger entries:2
3
getid=3hey:1520330273
hey:0
Now checking for FAIL
Now checking for Danger
No of Danger entries:3
1520330285 1 1520330267
This is the array: 1520330285
1520330287 1 1520330268
This is the array: 1520330285
1520330290 0 1520330273
This is the array: 1520330285
This is the array outside the loop: 1520330287
I START HERE THIS TIME.
fqdn: "jupiter.bth.se"
status: 3
Opened database succesfully
Table created succesfully 

No of Danger entries:3
getid=Now checking for FAIL
192.168.184.1
161
"jupiter.bth.se"
Now checking for Danger
No of Danger entries:3
